<?xml version="1.0" encoding="UTF-8"?>
<testsuites name="July Release tcs" time="108.149" tests="2" failures="0" errors="0">
   <testsuite name="July Release tcs" tests="2" failures="0" errors="0" time="108.149" timestamp="2020-08-18 22:21:20" hostname="chaitu - chaitanya" id="Test Suites/July Release tcs">
      <properties>
         <property name="deviceName" value=""/>
         <property name="devicePlatform" value=""/>
         <property name="logFolder" value="C:\\Users\\chaitu\\Katalon Studio\\Chaitanya Demo\\Reports\\20200818_222110\\July Release tcs\\20200818_222110"/>
         <property name="logFiles" value="C:\\Users\\chaitu\\Katalon Studio\\Chaitanya Demo\\Reports\\20200818_222110\\July Release tcs\\20200818_222110\\execution0.log"/>
         <property name="attachments" value=""/>
         <property name="hostName" value="chaitu - chaitanya"/>
         <property name="os" value="Windows 10 64bit"/>
         <property name="katalonVersion" value="7.6.2.205"/>
         <property name="browser" value="Chrome 84.0.4147.125"/>
         <property name="hostAddress" value="192.168.31.158"/>
         <property name="sessionId" value="5948db51eca5822f5b2699ed8c81427a"/>
         <property name="seleniumVersion" value="3.141.59"/>
         <property name="proxyInformation" value="ProxyInformation { proxyOption=NO_PROXY, proxyServerType=HTTP, username=, password=********, proxyServerAddress=, proxyServerPort=0, executionList=\&quot;\&quot;, isApplyToDesiredCapabilities=true }"/>
         <property name="platform" value="Windows 10"/>
      </properties>
      <testcase name="Test Cases/TestCase1_Helth care" time="63.279" classname="Test Cases/TestCase1_Helth care" status="PASSED">
         <system-out><![CDATA[2020-08-18 22:21:23 - [TEST_CASE][PASSED] - Test Cases/TestCase1_Helth care: Test Cases/TestCase1_Helth care

2020-08-18 22:21:25 - [TEST_STEP][PASSED] - openBrowser(""): Browser is opened with url: ''

2020-08-18 22:21:26 - [MESSAGE][INFO] - Starting 'Chrome' driver

2020-08-18 22:21:26 - [MESSAGE][INFO] - Action delay is set to 0 milliseconds

2020-08-18 22:21:37 - [MESSAGE][PASSED] - Browser is opened with url: ''

2020-08-18 22:21:37 - [TEST_STEP][PASSED] - navigateToUrl("https://katalon-demo-cura.herokuapp.com/profile.php#login"): Navigate to 'https://katalon-demo-cura.herokuapp.com/profile.php#login' successfully

2020-08-18 22:21:49 - [MESSAGE][PASSED] - Navigate to 'https://katalon-demo-cura.herokuapp.com/profile.php#login' successfully

2020-08-18 22:21:49 - [TEST_STEP][PASSED] - setText(findTestObject("Object Repository/Testcase1_Helth care/Page_CURA Healthcare Service/input_Username_username"), "John Doe"): Text 'John Doe' is set on object 'Object Repository/Testcase1_Helth care/Page_CURA Healthcare Service/input_Username_username'

2020-08-18 22:21:52 - [MESSAGE][PASSED] - Text 'John Doe' is set on object 'Object Repository/Testcase1_Helth care/Page_CURA Healthcare Service/input_Username_username'

2020-08-18 22:21:52 - [TEST_STEP][PASSED] - setEncryptedText(findTestObject("Object Repository/Testcase1_Helth care/Page_CURA Healthcare Service/input_Password_password"), "g3/DOGG74jC3Flrr3yH+3D/yKbOqqUNM"): Text ****** has been set on object 'Object Repository/Testcase1_Helth care/Page_CURA Healthcare Service/input_Password_password'

2020-08-18 22:21:54 - [MESSAGE][PASSED] - Text ****** has been set on object 'Object Repository/Testcase1_Helth care/Page_CURA Healthcare Service/input_Password_password'

2020-08-18 22:21:54 - [TEST_STEP][PASSED] - click(findTestObject("Object Repository/Testcase1_Helth care/Page_CURA Healthcare Service/button_Login")): Object: 'Object Repository/Testcase1_Helth care/Page_CURA Healthcare Service/button_Login' is clicked on

2020-08-18 22:22:00 - [MESSAGE][PASSED] - Object: 'Object Repository/Testcase1_Helth care/Page_CURA Healthcare Service/button_Login' is clicked on

2020-08-18 22:22:00 - [TEST_STEP][PASSED] - selectOptionByValue(findTestObject("Object Repository/Testcase1_Helth care/Page_CURA Healthcare Service/select_Tokyo CURA Healthcare Center        _5b4107"), "Hongkong CURA Healthcare Center", true): All options with value 'Hongkong CURA Healthcare Center' are selected in object 'Object Repository/Testcase1_Helth care/Page_CURA Healthcare Service/select_Tokyo CURA Healthcare Center        _5b4107'  using regular expression

2020-08-18 22:22:03 - [MESSAGE][PASSED] - All options with value 'Hongkong CURA Healthcare Center' are selected in object 'Object Repository/Testcase1_Helth care/Page_CURA Healthcare Service/select_Tokyo CURA Healthcare Center        _5b4107'  using regular expression

2020-08-18 22:22:03 - [TEST_STEP][PASSED] - click(findTestObject("Object Repository/Testcase1_Helth care/Page_CURA Healthcare Service/input_Apply for hospital readmission_hospit_63901f")): Object: 'Object Repository/Testcase1_Helth care/Page_CURA Healthcare Service/input_Apply for hospital readmission_hospit_63901f' is clicked on

2020-08-18 22:22:05 - [MESSAGE][PASSED] - Object: 'Object Repository/Testcase1_Helth care/Page_CURA Healthcare Service/input_Apply for hospital readmission_hospit_63901f' is clicked on

2020-08-18 22:22:05 - [TEST_STEP][PASSED] - click(findTestObject("Object Repository/Testcase1_Helth care/Page_CURA Healthcare Service/input_Visit Date (Required)_visit_date")): Object: 'Object Repository/Testcase1_Helth care/Page_CURA Healthcare Service/input_Visit Date (Required)_visit_date' is clicked on

2020-08-18 22:22:07 - [MESSAGE][PASSED] - Object: 'Object Repository/Testcase1_Helth care/Page_CURA Healthcare Service/input_Visit Date (Required)_visit_date' is clicked on

2020-08-18 22:22:07 - [TEST_STEP][PASSED] - click(findTestObject("Object Repository/Testcase1_Helth care/Page_CURA Healthcare Service/td_25")): Object: 'Object Repository/Testcase1_Helth care/Page_CURA Healthcare Service/td_25' is clicked on

2020-08-18 22:22:08 - [MESSAGE][PASSED] - Object: 'Object Repository/Testcase1_Helth care/Page_CURA Healthcare Service/td_25' is clicked on

2020-08-18 22:22:08 - [TEST_STEP][PASSED] - setText(findTestObject("Object Repository/Testcase1_Helth care/Page_CURA Healthcare Service/textarea_Comment_comment"), "Please book the appointment"): Text 'Please book the appointment' is set on object 'Object Repository/Testcase1_Helth care/Page_CURA Healthcare Service/textarea_Comment_comment'

2020-08-18 22:22:11 - [MESSAGE][PASSED] - Text 'Please book the appointment' is set on object 'Object Repository/Testcase1_Helth care/Page_CURA Healthcare Service/textarea_Comment_comment'

2020-08-18 22:22:11 - [TEST_STEP][PASSED] - click(findTestObject("Object Repository/Testcase1_Helth care/Page_CURA Healthcare Service/button_Book Appointment")): Object: 'Object Repository/Testcase1_Helth care/Page_CURA Healthcare Service/button_Book Appointment' is clicked on

2020-08-18 22:22:22 - [MESSAGE][PASSED] - Object: 'Object Repository/Testcase1_Helth care/Page_CURA Healthcare Service/button_Book Appointment' is clicked on

2020-08-18 22:22:22 - [TEST_STEP][PASSED] - click(findTestObject("Object Repository/Testcase1_Helth care/Page_CURA Healthcare Service/h2_Appointment Confirmation")): Object: 'Object Repository/Testcase1_Helth care/Page_CURA Healthcare Service/h2_Appointment Confirmation' is clicked on

2020-08-18 22:22:23 - [MESSAGE][PASSED] - Object: 'Object Repository/Testcase1_Helth care/Page_CURA Healthcare Service/h2_Appointment Confirmation' is clicked on

2020-08-18 22:22:23 - [TEST_STEP][PASSED] - click(findTestObject("Object Repository/Testcase1_Helth care/Page_CURA Healthcare Service/p_Please be informed that your appointment _11813a")): Object: 'Object Repository/Testcase1_Helth care/Page_CURA Healthcare Service/p_Please be informed that your appointment _11813a' is clicked on

2020-08-18 22:22:25 - [MESSAGE][PASSED] - Object: 'Object Repository/Testcase1_Helth care/Page_CURA Healthcare Service/p_Please be informed that your appointment _11813a' is clicked on

2020-08-18 22:22:25 - [TEST_STEP][PASSED] - closeBrowser(): Browser is closed

2020-08-18 22:22:27 - [MESSAGE][PASSED] - Browser is closed]]></system-out>
         <system-err><![CDATA[]]></system-err>
      </testcase>
      <testcase name="Test Cases/TestCase2_ecommerce" time="40.684" classname="Test Cases/TestCase2_ecommerce" status="PASSED">
         <system-out><![CDATA[2020-08-18 22:22:27 - [TEST_CASE][PASSED] - Test Cases/TestCase2_ecommerce: Test Cases/TestCase2_ecommerce

2020-08-18 22:22:28 - [TEST_STEP][PASSED] - openBrowser(""): Browser is opened with url: ''

2020-08-18 22:22:28 - [MESSAGE][INFO] - Starting 'Chrome' driver

2020-08-18 22:22:28 - [MESSAGE][INFO] - Action delay is set to 0 milliseconds

2020-08-18 22:22:39 - [MESSAGE][PASSED] - Browser is opened with url: ''

2020-08-18 22:22:39 - [TEST_STEP][PASSED] - navigateToUrl("https://rahulshettyacademy.com/angularpractice/"): Navigate to 'https://rahulshettyacademy.com/angularpractice/' successfully

2020-08-18 22:22:52 - [MESSAGE][PASSED] - Navigate to 'https://rahulshettyacademy.com/angularpractice/' successfully

2020-08-18 22:22:52 - [TEST_STEP][PASSED] - setText(findTestObject("Object Repository/TestCase2_ecommerce/Page_ProtoCommerce/input_Name_name"), "chaitanya"): Text 'chaitanya' is set on object 'Object Repository/TestCase2_ecommerce/Page_ProtoCommerce/input_Name_name'

2020-08-18 22:22:55 - [MESSAGE][PASSED] - Text 'chaitanya' is set on object 'Object Repository/TestCase2_ecommerce/Page_ProtoCommerce/input_Name_name'

2020-08-18 22:22:55 - [TEST_STEP][PASSED] - setText(findTestObject("Object Repository/TestCase2_ecommerce/Page_ProtoCommerce/input_Email_email"), "test@gmail.com"): Text 'test@gmail.com' is set on object 'Object Repository/TestCase2_ecommerce/Page_ProtoCommerce/input_Email_email'

2020-08-18 22:22:57 - [MESSAGE][PASSED] - Text 'test@gmail.com' is set on object 'Object Repository/TestCase2_ecommerce/Page_ProtoCommerce/input_Email_email'

2020-08-18 22:22:57 - [TEST_STEP][PASSED] - setEncryptedText(findTestObject("Object Repository/TestCase2_ecommerce/Page_ProtoCommerce/input_Password_exampleInputPassword1"), "rpOFUu/RNQ1wvvJ7Olc8IQ=="): Text ****** has been set on object 'Object Repository/TestCase2_ecommerce/Page_ProtoCommerce/input_Password_exampleInputPassword1'

2020-08-18 22:22:59 - [MESSAGE][PASSED] - Text ****** has been set on object 'Object Repository/TestCase2_ecommerce/Page_ProtoCommerce/input_Password_exampleInputPassword1'

2020-08-18 22:22:59 - [TEST_STEP][PASSED] - click(findTestObject("Object Repository/TestCase2_ecommerce/Page_ProtoCommerce/input_Password_exampleCheck1")): Object: 'Object Repository/TestCase2_ecommerce/Page_ProtoCommerce/input_Password_exampleCheck1' is clicked on

2020-08-18 22:23:00 - [MESSAGE][PASSED] - Object: 'Object Repository/TestCase2_ecommerce/Page_ProtoCommerce/input_Password_exampleCheck1' is clicked on

2020-08-18 22:23:00 - [TEST_STEP][PASSED] - click(findTestObject("Object Repository/TestCase2_ecommerce/Page_ProtoCommerce/input_Student_inlineRadioOptions")): Object: 'Object Repository/TestCase2_ecommerce/Page_ProtoCommerce/input_Student_inlineRadioOptions' is clicked on

2020-08-18 22:23:01 - [MESSAGE][PASSED] - Object: 'Object Repository/TestCase2_ecommerce/Page_ProtoCommerce/input_Student_inlineRadioOptions' is clicked on

2020-08-18 22:23:01 - [TEST_STEP][PASSED] - click(findTestObject("Object Repository/TestCase2_ecommerce/Page_ProtoCommerce/input_Date of Birth_btn btn-success")): Object: 'Object Repository/TestCase2_ecommerce/Page_ProtoCommerce/input_Date of Birth_btn btn-success' is clicked on

2020-08-18 22:23:03 - [MESSAGE][PASSED] - Object: 'Object Repository/TestCase2_ecommerce/Page_ProtoCommerce/input_Date of Birth_btn btn-success' is clicked on

2020-08-18 22:23:03 - [TEST_STEP][PASSED] - setText(findTestObject("Object Repository/TestCase2_ecommerce/Page_ProtoCommerce/DOB"), "06251990"): Text '06251990' is set on object 'Object Repository/TestCase2_ecommerce/Page_ProtoCommerce/DOB'

2020-08-18 22:23:05 - [MESSAGE][PASSED] - Text '06251990' is set on object 'Object Repository/TestCase2_ecommerce/Page_ProtoCommerce/DOB'

2020-08-18 22:23:05 - [TEST_STEP][PASSED] - click(findTestObject("Object Repository/TestCase2_ecommerce/Page_ProtoCommerce/div_                    Success The Form ha_13b099")): Object: 'Object Repository/TestCase2_ecommerce/Page_ProtoCommerce/div_                    Success The Form ha_13b099' is clicked on

2020-08-18 22:23:06 - [MESSAGE][PASSED] - Object: 'Object Repository/TestCase2_ecommerce/Page_ProtoCommerce/div_                    Success The Form ha_13b099' is clicked on

2020-08-18 22:23:06 - [TEST_STEP][PASSED] - closeBrowser(): Browser is closed

2020-08-18 22:23:07 - [MESSAGE][PASSED] - Browser is closed]]></system-out>
         <system-err><![CDATA[]]></system-err>
      </testcase>
      <system-out><![CDATA[2020-08-18 22:21:20 - [TEST_SUITE][PASSED] - July Release tcs: Test Cases/TestCase2_ecommerce]]></system-out>
      <system-err><![CDATA[]]></system-err>
   </testsuite>
</testsuites>
